[2021-10-16 12:50:09,495] multiqc                                            [DEBUG  ]  This is MultiQC v1.11
[2021-10-16 12:50:09,495] multiqc                                            [DEBUG  ]  No MultiQC config found: /home/shpc_cc89b72d49/biosoft/miniconda3/envs/rna/lib/python3.7/site-packages/multiqc_config.yaml
[2021-10-16 12:50:09,495] multiqc                                            [DEBUG  ]  No MultiQC config found: /home/shpc_cc89b72d49/.multiqc_config.yaml
[2021-10-16 12:50:09,496] multiqc                                            [DEBUG  ]  No MultiQC config found: multiqc_config.yaml
[2021-10-16 12:50:09,496] multiqc                                            [DEBUG  ]  Command used: /home/shpc_cc89b72d49/biosoft/miniconda3/envs/rna/bin/multiqc all.id.txt.summary
[2021-10-16 12:50:09,966] multiqc                                            [DEBUG  ]  Latest MultiQC version is v1.11
[2021-10-16 12:50:09,966] multiqc                                            [DEBUG  ]  Command     : /home/shpc_cc89b72d49/biosoft/miniconda3/envs/rna/bin/multiqc all.id.txt.summary
[2021-10-16 12:50:09,966] multiqc                                            [DEBUG  ]  Working dir : /home/shpc_cc89b72d49/RNA-Seq/GSE76718/expression/featureCount
[2021-10-16 12:50:09,966] multiqc                                            [DEBUG  ]  Template    : default
[2021-10-16 12:50:09,966] multiqc                                            [DEBUG  ]  Running Python 3.7.10 | packaged by conda-forge | (default, Oct  5 2021, 17:08:41)  [GCC 9.4.0]
[2021-10-16 12:50:09,967] multiqc                                            [DEBUG  ]  Analysing modules: custom_content, ccs, ngsderive, purple, conpair, lima, peddy, somalier, methylQA, mosdepth, phantompeakqualtools, qualimap, preseq, quast, qorts, rna_seqc, rockhopper, rsem, rseqc, busco, bustools, goleft_indexcov, gffcompare, disambiguate, supernova, deeptools, sargasso, verifybamid, mirtrace, happy, mirtop, sambamba, homer, hops, macs2, theta2, snpeff, gatk, htseq, bcftools, featureCounts, fgbio, dragen, dedup, damageprofiler, biobambam2, jcvi, mtnucratio, picard, vep, sentieon, prokka, qc3C, nanostat, samblaster, samtools, sexdeterrmine, eigenstratdatabasetools, bamtools, jellyfish, vcftools, longranger, stacks, varscan2, snippy, bbmap, bismark, biscuit, hicexplorer, hicup, hicpro, salmon, kallisto, slamdunk, star, hisat2, tophat, bowtie2, bowtie1, snpsplit, odgi, pangolin, kat, leehom, adapterRemoval, clipandmerge, cutadapt, flexbar, kaiju, kraken, malt, trimmomatic, sickle, skewer, sortmerna, biobloomtools, fastq_screen, afterqc, fastp, fastqc, pychopper, pycoqc, minionqc, multivcfanalyzer, clusterflow, bcl2fastq, bclconvert, interop, ivar, flash, seqyclean, optitype
[2021-10-16 12:50:09,967] multiqc                                            [DEBUG  ]  Using temporary directory for creating report: /tmp/tmphtwwyrpi
[2021-10-16 12:50:10,623] multiqc                                            [INFO   ]  Search path : /home/shpc_cc89b72d49/RNA-Seq/GSE76718/expression/featureCount/all.id.txt.summary
[2021-10-16 12:50:10,690] multiqc                                            [DEBUG  ]  File ignored by ccs/v4 because it exceeded search pattern filesize limit: all.id.txt.summary
[2021-10-16 12:50:10,692] multiqc                                            [DEBUG  ]  File ignored by lima/summary because it exceeded search pattern filesize limit: all.id.txt.summary
[2021-10-16 12:50:10,697] multiqc                                            [DEBUG  ]  File ignored by longranger/invocation because it exceeded search pattern filesize limit: all.id.txt.summary
[2021-10-16 12:50:12,623] multiqc.plots.bargraph                             [DEBUG  ]  Using matplotlib version 3.4.3
[2021-10-16 12:50:12,624] multiqc.plots.linegraph                            [DEBUG  ]  Using matplotlib version 3.4.3
[2021-10-16 12:50:12,627] multiqc                                            [DEBUG  ]  No samples found: custom_content
[2021-10-16 12:50:12,650] multiqc                                            [DEBUG  ]  No samples found: ccs
[2021-10-16 12:50:12,657] multiqc                                            [DEBUG  ]  No samples found: ngsderive
[2021-10-16 12:50:12,664] multiqc                                            [DEBUG  ]  No samples found: purple
[2021-10-16 12:50:12,671] multiqc                                            [DEBUG  ]  No samples found: conpair
[2021-10-16 12:50:12,685] multiqc                                            [DEBUG  ]  No samples found: lima
[2021-10-16 12:50:12,694] multiqc                                            [DEBUG  ]  No samples found: peddy
[2021-10-16 12:50:12,703] multiqc                                            [DEBUG  ]  No samples found: somalier
[2021-10-16 12:50:12,713] multiqc                                            [DEBUG  ]  No samples found: methylQA
[2021-10-16 12:50:12,725] multiqc.modules.mosdepth.mosdepth                  [DEBUG  ]  include_contigs: []
[2021-10-16 12:50:12,725] multiqc.modules.mosdepth.mosdepth                  [DEBUG  ]  exclude_contigs: []
[2021-10-16 12:50:12,725] multiqc                                            [DEBUG  ]  No samples found: mosdepth
[2021-10-16 12:50:12,743] multiqc                                            [DEBUG  ]  No samples found: phantompeakqualtools
[2021-10-16 12:50:12,750] multiqc                                            [DEBUG  ]  No samples found: qualimap
[2021-10-16 12:50:12,757] multiqc                                            [DEBUG  ]  No samples found: preseq
[2021-10-16 12:50:12,764] multiqc                                            [DEBUG  ]  No samples found: quast
[2021-10-16 12:50:12,771] multiqc                                            [DEBUG  ]  No samples found: qorts
[2021-10-16 12:50:12,777] multiqc                                            [DEBUG  ]  No samples found: rna_seqc
[2021-10-16 12:50:12,791] multiqc                                            [DEBUG  ]  No samples found: rockhopper
[2021-10-16 12:50:12,817] multiqc                                            [DEBUG  ]  No samples found: rsem
[2021-10-16 12:50:12,833] multiqc                                            [DEBUG  ]  No samples found: rseqc
[2021-10-16 12:50:12,840] multiqc                                            [DEBUG  ]  No samples found: busco
[2021-10-16 12:50:12,847] multiqc                                            [DEBUG  ]  No samples found: bustools
[2021-10-16 12:50:12,854] multiqc                                            [DEBUG  ]  No samples found: goleft_indexcov
[2021-10-16 12:50:12,863] multiqc                                            [DEBUG  ]  No samples found: gffcompare
[2021-10-16 12:50:12,869] multiqc                                            [DEBUG  ]  No samples found: disambiguate
[2021-10-16 12:50:12,877] multiqc                                            [DEBUG  ]  No samples found: supernova
[2021-10-16 12:50:12,898] multiqc                                            [DEBUG  ]  No samples found: deeptools
[2021-10-16 12:50:12,905] multiqc                                            [DEBUG  ]  No samples found: sargasso
[2021-10-16 12:50:12,923] multiqc                                            [DEBUG  ]  No samples found: verifybamid
[2021-10-16 12:50:12,939] multiqc                                            [DEBUG  ]  No samples found: mirtrace
[2021-10-16 12:50:12,947] multiqc                                            [DEBUG  ]  No samples found: happy
[2021-10-16 12:50:12,954] multiqc                                            [DEBUG  ]  No samples found: mirtop
[2021-10-16 12:50:12,971] multiqc                                            [DEBUG  ]  No samples found: sambamba
[2021-10-16 12:50:12,982] multiqc                                            [DEBUG  ]  No samples found: homer
[2021-10-16 12:50:12,991] multiqc                                            [DEBUG  ]  No samples found: hops
[2021-10-16 12:50:12,999] multiqc                                            [DEBUG  ]  No samples found: macs2
[2021-10-16 12:50:13,008] multiqc                                            [DEBUG  ]  No samples found: theta2
[2021-10-16 12:50:13,018] multiqc                                            [DEBUG  ]  No samples found: snpeff
[2021-10-16 12:50:13,028] multiqc                                            [DEBUG  ]  No samples found: gatk
[2021-10-16 12:50:13,041] multiqc                                            [DEBUG  ]  No samples found: htseq
[2021-10-16 12:50:13,051] multiqc                                            [DEBUG  ]  No samples found: bcftools
[2021-10-16 12:50:13,064] multiqc.modules.featureCounts.feature_counts       [INFO   ]  Found 27 reports
[2021-10-16 12:50:13,085] multiqc                                            [DEBUG  ]  No samples found: fgbio
[2021-10-16 12:50:13,101] multiqc                                            [DEBUG  ]  No samples found: dragen
[2021-10-16 12:50:13,108] multiqc                                            [DEBUG  ]  No samples found: dedup
[2021-10-16 12:50:13,115] multiqc                                            [DEBUG  ]  No samples found: damageprofiler
[2021-10-16 12:50:13,145] multiqc                                            [DEBUG  ]  No samples found: biobambam2
[2021-10-16 12:50:13,156] multiqc                                            [DEBUG  ]  No samples found: jcvi
[2021-10-16 12:50:13,162] multiqc                                            [DEBUG  ]  No samples found: mtnucratio
[2021-10-16 12:50:13,167] multiqc                                            [DEBUG  ]  No samples found: picard
[2021-10-16 12:50:13,173] multiqc                                            [DEBUG  ]  No samples found: vep
[2021-10-16 12:50:13,182] multiqc                                            [DEBUG  ]  No samples found: sentieon
[2021-10-16 12:50:13,190] multiqc                                            [DEBUG  ]  No samples found: prokka
[2021-10-16 12:50:13,199] multiqc                                            [DEBUG  ]  No samples found: qc3C
[2021-10-16 12:50:13,206] multiqc                                            [DEBUG  ]  No samples found: nanostat
[2021-10-16 12:50:13,214] multiqc                                            [DEBUG  ]  No samples found: samblaster
[2021-10-16 12:50:13,227] multiqc                                            [DEBUG  ]  No samples found: samtools
[2021-10-16 12:50:13,234] multiqc                                            [DEBUG  ]  No samples found: sexdeterrmine
[2021-10-16 12:50:13,241] multiqc                                            [DEBUG  ]  No samples found: eigenstratdatabasetools
[2021-10-16 12:50:13,249] multiqc                                            [DEBUG  ]  No samples found: bamtools
[2021-10-16 12:50:13,256] multiqc                                            [DEBUG  ]  No samples found: jellyfish
[2021-10-16 12:50:13,290] multiqc                                            [DEBUG  ]  No samples found: vcftools
[2021-10-16 12:50:13,299] multiqc                                            [DEBUG  ]  No samples found: longranger
[2021-10-16 12:50:13,308] multiqc                                            [DEBUG  ]  No samples found: stacks
[2021-10-16 12:50:13,318] multiqc                                            [DEBUG  ]  No samples found: varscan2
[2021-10-16 12:50:13,326] multiqc                                            [DEBUG  ]  No samples found: snippy
[2021-10-16 12:50:13,347] multiqc                                            [DEBUG  ]  No samples found: bbmap
[2021-10-16 12:50:13,356] multiqc                                            [DEBUG  ]  No samples found: bismark
[2021-10-16 12:50:13,366] multiqc                                            [DEBUG  ]  No samples found: biscuit
[2021-10-16 12:50:13,375] multiqc                                            [DEBUG  ]  No samples found: hicexplorer
[2021-10-16 12:50:13,384] multiqc                                            [DEBUG  ]  No samples found: hicup
[2021-10-16 12:50:13,393] multiqc                                            [DEBUG  ]  No samples found: hicpro
[2021-10-16 12:50:13,402] multiqc                                            [DEBUG  ]  No samples found: salmon
[2021-10-16 12:50:13,413] multiqc                                            [DEBUG  ]  No samples found: kallisto
[2021-10-16 12:50:13,422] multiqc                                            [DEBUG  ]  No samples found: slamdunk
[2021-10-16 12:50:13,431] multiqc                                            [DEBUG  ]  No samples found: star
[2021-10-16 12:50:13,437] multiqc                                            [DEBUG  ]  No samples found: hisat2
[2021-10-16 12:50:13,445] multiqc                                            [DEBUG  ]  No samples found: tophat
[2021-10-16 12:50:13,452] multiqc                                            [DEBUG  ]  No samples found: bowtie2
[2021-10-16 12:50:13,460] multiqc                                            [DEBUG  ]  No samples found: bowtie1
[2021-10-16 12:50:13,467] multiqc                                            [DEBUG  ]  No samples found: snpsplit
[2021-10-16 12:50:13,474] multiqc                                            [DEBUG  ]  No samples found: odgi
[2021-10-16 12:50:13,480] multiqc                                            [DEBUG  ]  No samples found: pangolin
[2021-10-16 12:50:13,486] multiqc                                            [DEBUG  ]  No samples found: kat
[2021-10-16 12:50:13,494] multiqc                                            [DEBUG  ]  No samples found: leehom
[2021-10-16 12:50:13,502] multiqc                                            [DEBUG  ]  No samples found: adapterRemoval
[2021-10-16 12:50:13,509] multiqc                                            [DEBUG  ]  No samples found: clipandmerge
[2021-10-16 12:50:13,516] multiqc                                            [DEBUG  ]  No samples found: cutadapt
[2021-10-16 12:50:13,523] multiqc                                            [DEBUG  ]  No samples found: flexbar
[2021-10-16 12:50:13,532] multiqc                                            [DEBUG  ]  No samples found: kaiju
[2021-10-16 12:50:13,539] multiqc                                            [DEBUG  ]  No samples found: kraken
[2021-10-16 12:50:13,546] multiqc                                            [DEBUG  ]  No samples found: malt
[2021-10-16 12:50:13,556] multiqc                                            [DEBUG  ]  No samples found: trimmomatic
[2021-10-16 12:50:13,566] multiqc                                            [DEBUG  ]  No samples found: sickle
[2021-10-16 12:50:13,573] multiqc                                            [DEBUG  ]  No samples found: skewer
[2021-10-16 12:50:13,595] multiqc                                            [DEBUG  ]  No samples found: sortmerna
[2021-10-16 12:50:13,602] multiqc                                            [DEBUG  ]  No samples found: biobloomtools
[2021-10-16 12:50:13,613] multiqc                                            [DEBUG  ]  No samples found: fastq_screen
[2021-10-16 12:50:13,622] multiqc                                            [DEBUG  ]  No samples found: afterqc
[2021-10-16 12:50:13,632] multiqc                                            [DEBUG  ]  No samples found: fastp
[2021-10-16 12:50:13,642] multiqc                                            [DEBUG  ]  No samples found: fastqc
[2021-10-16 12:50:13,648] multiqc                                            [DEBUG  ]  No samples found: pychopper
[2021-10-16 12:50:13,656] multiqc                                            [DEBUG  ]  No samples found: pycoqc
[2021-10-16 12:50:13,665] multiqc                                            [DEBUG  ]  No samples found: minionqc
[2021-10-16 12:50:13,675] multiqc                                            [DEBUG  ]  No samples found: multivcfanalyzer
[2021-10-16 12:50:13,684] multiqc                                            [DEBUG  ]  No samples found: clusterflow
[2021-10-16 12:50:13,693] multiqc                                            [DEBUG  ]  No samples found: bcl2fastq
[2021-10-16 12:50:13,701] multiqc                                            [DEBUG  ]  No samples found: bclconvert
[2021-10-16 12:50:13,710] multiqc                                            [DEBUG  ]  No samples found: interop
[2021-10-16 12:50:13,719] multiqc                                            [DEBUG  ]  No samples found: ivar
[2021-10-16 12:50:13,728] multiqc                                            [DEBUG  ]  No samples found: flash
[2021-10-16 12:50:13,737] multiqc                                            [DEBUG  ]  No samples found: seqyclean
[2021-10-16 12:50:13,745] multiqc                                            [DEBUG  ]  No samples found: optitype
[2021-10-16 12:50:13,769] multiqc                                            [INFO   ]  Compressing plot data
[2021-10-16 12:50:13,782] multiqc                                            [INFO   ]  Report      : multiqc_report.html
[2021-10-16 12:50:13,783] multiqc                                            [INFO   ]  Data        : multiqc_data
[2021-10-16 12:50:13,783] multiqc                                            [DEBUG  ]  Moving data file from '/tmp/tmphtwwyrpi/multiqc_data' to '/home/shpc_cc89b72d49/RNA-Seq/GSE76718/expression/featureCount/multiqc_data'
[2021-10-16 12:50:14,265] multiqc                                            [INFO   ]  MultiQC complete
